 

[2023-04-15 23:28:39] SubConvert-Line-116-Exception: Expecting value: line 1 column 1 (char 0)
onenode:vmess://Y2hhY2hhMjAtcG9seTEzMDU6MGE3Yjc5NzQtNzk5OC0zNjM3LWFjMWYtMzE3NGNlZTNmODgyQGtyLWRpcmVjdC5ub2RlMDAyLnh5ejo0NDU


[2023-04-15 23:28:39] SubConvert-Line-116-Exception: Expecting value: line 1 column 1 (char 0)
onenode:vmess://Y2hhY2hhMjAtcG9seTEzMDU6MGE3Yjc5NzQtNzk5OC0zNjM3LWFjMWYtMzE3NGNlZTNmODgyQGtyLWRpcmVjdC5ub2RlMDAyLnh5ejo0NDU


[2023-04-15 23:28:39] SubConvert-Line-116-Exception: Expecting value: line 1 column 1 (char 0)
onenode:vmess://Y2hhY2hhMjAtcG9seTEzMDU6MGE3Yjc5NzQtNzk5OC0zNjM3LWFjMWYtMzE3NGNlZTNmODgyQHBybzAxLm15MTE4OC5vcmc6MzIwMw


[2023-04-15 23:28:39] SubConvert-Line-116-Exception: Expecting value: line 1 column 1 (char 0)
onenode:vmess://Y2hhY2hhMjAtcG9seTEzMDU6MGE3Yjc5NzQtNzk5OC0zNjM3LWFjMWYtMzE3NGNlZTNmODgyQHBybzAxLm15MTE4OC5vcmc6MzIwMw


[2023-04-15 23:28:39] SubConvert-Line-116-Exception: Expecting value: line 1 column 1 (char 0)
onenode:vmess://Y2hhY2hhMjAtcG9seTEzMDU6MGE3Yjc5NzQtNzk5OC0zNjM3LWFjMWYtMzE3NGNlZTNmODgyQGluMDMubXkxMTg4Lm9yZzo2MzA0MQ


[2023-04-15 23:28:39] SubConvert-Line-116-Exception: Expecting value: line 1 column 1 (char 0)
onenode:vmess://Y2hhY2hhMjAtcG9seTEzMDU6MGE3Yjc5NzQtNzk5OC0zNjM3LWFjMWYtMzE3NGNlZTNmODgyQGluMDMubXkxMTg4Lm9yZzo2MzA0MQ


[2023-04-15 23:28:39] SubConvert-Line-116-Exception: Expecting value: line 1 column 1 (char 0)
onenode:vmess://Y2hhY2hhMjAtcG9seTEzMDU6MGE3Yjc5NzQtNzk5OC0zNjM3LWFjMWYtMzE3NGNlZTNmODgyQHBybzAxLm15MTE4OC5vcmc6MzExMw


[2023-04-15 23:28:39] SubConvert-Line-116-Exception: Expecting value: line 1 column 1 (char 0)
onenode:vmess://Y2hhY2hhMjAtcG9seTEzMDU6MGE3Yjc5NzQtNzk5OC0zNjM3LWFjMWYtMzE3NGNlZTNmODgyQHBybzAxLm15MTE4OC5vcmc6MzExMw


[2023-04-15 23:28:39] SubConvert-Line-116-Exception: Expecting value: line 1 column 1 (char 0)
onenode:vmess://Y2hhY2hhMjAtcG9seTEzMDU6MGE3Yjc5NzQtNzk5OC0zNjM3LWFjMWYtMzE3NGNlZTNmODgyQHBybzAxLm15MTE4OC5vcmc6MzA5Mw


[2023-04-15 23:28:39] SubConvert-Line-116-Exception: Expecting value: line 1 column 1 (char 0)
onenode:vmess://Y2hhY2hhMjAtcG9seTEzMDU6MGE3Yjc5NzQtNzk5OC0zNjM3LWFjMWYtMzE3NGNlZTNmODgyQHBybzAxLm15MTE4OC5vcmc6MzA5Mw


[2023-04-15 23:28:39] SubConvert-Line-116-Exception: Expecting value: line 1 column 1 (char 0)
onenode:vmess://Y2hhY2hhMjAtcG9seTEzMDU6MGE3Yjc5NzQtNzk5OC0zNjM3LWFjMWYtMzE3NGNlZTNmODgyQGluMDIubXkxMTg4Lm9yZzo2MzA4Nw


[2023-04-15 23:28:39] SubConvert-Line-116-Exception: Expecting value: line 1 column 1 (char 0)
onenode:vmess://Y2hhY2hhMjAtcG9seTEzMDU6MGE3Yjc5NzQtNzk5OC0zNjM3LWFjMWYtMzE3NGNlZTNmODgyQGluMDIubXkxMTg4Lm9yZzo2MzA4Nw


[2023-04-15 23:28:39] SubConvert-Line-116-Exception: Expecting value: line 1 column 1 (char 0)
onenode:vmess://Y2hhY2hhMjAtcG9seTEzMDU6MGE3Yjc5NzQtNzk5OC0zNjM3LWFjMWYtMzE3NGNlZTNmODgyQGluMDIubXkxMTg4Lm9yZzo2MzA4OA


[2023-04-15 23:28:39] SubConvert-Line-116-Exception: Expecting value: line 1 column 1 (char 0)
onenode:vmess://Y2hhY2hhMjAtcG9seTEzMDU6MGE3Yjc5NzQtNzk5OC0zNjM3LWFjMWYtMzE3NGNlZTNmODgyQGluMDIubXkxMTg4Lm9yZzo2MzA4OA


[2023-04-15 23:28:39] SubConvert-Line-116-Exception: Expecting value: line 1 column 1 (char 0)
onenode:vmess://Y2hhY2hhMjAtcG9seTEzMDU6MGE3Yjc5NzQtNzk5OC0zNjM3LWFjMWYtMzE3NGNlZTNmODgyQGluMDYubXkxMTg4Lm9yZzo2MzAwNQ


[2023-04-15 23:28:39] SubConvert-Line-116-Exception: Expecting value: line 1 column 1 (char 0)
onenode:vmess://Y2hhY2hhMjAtcG9seTEzMDU6MGE3Yjc5NzQtNzk5OC0zNjM3LWFjMWYtMzE3NGNlZTNmODgyQGluMDYubXkxMTg4Lm9yZzo2MzAwNQ


[2023-04-15 23:28:39] SubConvert-Line-116-Exception: Expecting value: line 1 column 1 (char 0)
onenode:vmess://Y2hhY2hhMjAtcG9seTEzMDU6MGE3Yjc5NzQtNzk5OC0zNjM3LWFjMWYtMzE3NGNlZTNmODgyQGluMDYubXkxMTg4Lm9yZzo2MzA5MA


[2023-04-15 23:28:39] SubConvert-Line-116-Exception: Expecting value: line 1 column 1 (char 0)
onenode:vmess://Y2hhY2hhMjAtcG9seTEzMDU6MGE3Yjc5NzQtNzk5OC0zNjM3LWFjMWYtMzE3NGNlZTNmODgyQGluMDYubXkxMTg4Lm9yZzo2MzA5MA


[2023-04-15 23:28:39] SubConvert-Line-116-Exception: Expecting value: line 1 column 1 (char 0)
onenode:vmess://Y2hhY2hhMjAtcG9seTEzMDU6MGE3Yjc5NzQtNzk5OC0zNjM3LWFjMWYtMzE3NGNlZTNmODgyQHBybzAxLm15MTE4OC5vcmc6MzAxMw


[2023-04-15 23:28:39] SubConvert-Line-116-Exception: Expecting value: line 1 column 1 (char 0)
onenode:vmess://Y2hhY2hhMjAtcG9seTEzMDU6MGE3Yjc5NzQtNzk5OC0zNjM3LWFjMWYtMzE3NGNlZTNmODgyQHBybzAxLm15MTE4OC5vcmc6MzAxMw


[2023-04-15 23:28:39] SubConvert-Line-116-Exception: Expecting value: line 1 column 1 (char 0)
onenode:vmess://Y2hhY2hhMjAtcG9seTEzMDU6MGE3Yjc5NzQtNzk5OC0zNjM3LWFjMWYtMzE3NGNlZTNmODgyQGluMDMubXkxMTg4Lm9yZzo2MzAwNA


[2023-04-15 23:28:39] SubConvert-Line-116-Exception: Expecting value: line 1 column 1 (char 0)
onenode:vmess://Y2hhY2hhMjAtcG9seTEzMDU6MGE3Yjc5NzQtNzk5OC0zNjM3LWFjMWYtMzE3NGNlZTNmODgyQGluMDMubXkxMTg4Lm9yZzo2MzAwNA


[2023-04-15 23:28:59] SubConvert-Line-116-Exception: Expecting value: line 1 column 1 (char 0)
onenode:vmess://YXV0bzo0ZjdkNWQ0My0yMjZlLTQ4ZDgtOWRmMC01ZThiZjlmNzcyODhAY2Yubm9hcmllcy5kZTo4MDgw


[2023-04-15 23:28:59] SubConvert-Line-116-Exception: Expecting value: line 1 column 1 (char 0)
onenode:vmess://YXV0bzo0ZjdkNWQ0My0yMjZlLTQ4ZDgtOWRmMC01ZThiZjlmNzcyODhAY2Yubm9hcmllcy5kZTo4MDgw


[2023-04-15 23:29:18] SubConvert-Line-116-Exception: Expecting value: line 1 column 1 (char 0)
onenode:vmess://YXV0bzo0ZjdkNWQ0My0yMjZlLTQ4ZDgtOWRmMC01ZThiZjlmNzcyODhAY2Yubm9hcmllcy5kZToyMDUy


[2023-04-15 23:29:18] SubConvert-Line-116-Exception: Expecting value: line 1 column 1 (char 0)
onenode:vmess://YXV0bzo0ZjdkNWQ0My0yMjZlLTQ4ZDgtOWRmMC01ZThiZjlmNzcyODhAY2Yubm9hcmllcy5kZToyMDUy


[2023-04-15 23:29:23] SubConvert-Line-116-Exception: Invalid base64-encoded string: number of data characters (413) cannot be 1 more than a multiple of 4
onenode:vmess://eyJ2IjogIjIiLCAicHMiOiAiZ2l0aHViLmNvbS9mcmVlZnEgLSBcdTdmOGVcdTU2ZmRDbG91ZEZsYXJlXHU4MjgyXHU3MGI5IDI3IiwgImFkZCI6ICJjZi5ub2FyaWVzLmRlIiwgInBvcnQiOiAiODA4MCIsICJpZCI6ICI0ZjdkNWQ0My0yMjZlLTQ4ZDgtOWRmMC01ZThiZjlmNzcyODgiLCAiYWlkIjogIjAiLCAic2N5IjogImF1dG8iLCAibmV0IjogIndzIiwgInR5cGUiOiAibm9uZSIsICJob3N0IjogImZ0LmNsb3VkZmxhcmUucXVlc3QiLCAicGF0aCI6ICIvYXJpZXM_ZWQ9MjA0OCIsICJ0bHMiOiAiIiwgInNuaSI6ICIiLCAiYWxwbiI6ICIifQ==


[2023-04-15 23:29:23] SubConvert-Line-116-Exception: Invalid base64-encoded string: number of data characters (413) cannot be 1 more than a multiple of 4
onenode:vmess://eyJ2IjogIjIiLCAicHMiOiAiZ2l0aHViLmNvbS9mcmVlZnEgLSBcdTdmOGVcdTU2ZmRDbG91ZEZsYXJlXHU4MjgyXHU3MGI5IDI3IiwgImFkZCI6ICJjZi5ub2FyaWVzLmRlIiwgInBvcnQiOiAiODA4MCIsICJpZCI6ICI0ZjdkNWQ0My0yMjZlLTQ4ZDgtOWRmMC01ZThiZjlmNzcyODgiLCAiYWlkIjogIjAiLCAic2N5IjogImF1dG8iLCAibmV0IjogIndzIiwgInR5cGUiOiAibm9uZSIsICJob3N0IjogImZ0LmNsb3VkZmxhcmUucXVlc3QiLCAicGF0aCI6ICIvYXJpZXM_ZWQ9MjA0OCIsICJ0bHMiOiAiIiwgInNuaSI6ICIiLCAiYWxwbiI6ICIifQ==


[2023-04-16 00:51:31] SubConvert-Line-116-Exception: Expecting value: line 1 column 1 (char 0)
onenode:vmess://Y2hhY2hhMjAtcG9seTEzMDU6MGE3Yjc5NzQtNzk5OC0zNjM3LWFjMWYtMzE3NGNlZTNmODgyQHBybzAxLm15MTE4OC5vcmc6MzIxMw


[2023-04-16 00:51:31] SubConvert-Line-116-Exception: Expecting value: line 1 column 1 (char 0)
onenode:vmess://Y2hhY2hhMjAtcG9seTEzMDU6MGE3Yjc5NzQtNzk5OC0zNjM3LWFjMWYtMzE3NGNlZTNmODgyQGluMDMubXkxMTg4Lm9yZzo2MzA1MQ


[2023-04-16 00:51:32] SubConvert-Line-116-Exception: Expecting value: line 1 column 1 (char 0)
onenode:vmess://Y2hhY2hhMjAtcG9seTEzMDU6MGE3Yjc5NzQtNzk5OC0zNjM3LWFjMWYtMzE3NGNlZTNmODgyQGluMDUubXkxMTg4Lm9yZzo2MzAxNA


[2023-04-16 00:51:32] SubConvert-Line-116-Exception: Expecting value: line 1 column 1 (char 0)
onenode:vmess://Y2hhY2hhMjAtcG9seTEzMDU6MGE3Yjc5NzQtNzk5OC0zNjM3LWFjMWYtMzE3NGNlZTNmODgyQGluMDMubXkxMTg4Lm9yZzo2MzAyOA


[2023-04-16 00:51:32] SubConvert-Line-116-Exception: Expecting value: line 1 column 1 (char 0)
onenode:vmess://Y2hhY2hhMjAtcG9seTEzMDU6MGE3Yjc5NzQtNzk5OC0zNjM3LWFjMWYtMzE3NGNlZTNmODgyQGluMDMubXkxMTg4Lm9yZzo2MzA4Ng


[2023-04-16 00:51:32] SubConvert-Line-116-Exception: Expecting value: line 1 column 1 (char 0)
onenode:vmess://Y2hhY2hhMjAtcG9seTEzMDU6MGE3Yjc5NzQtNzk5OC0zNjM3LWFjMWYtMzE3NGNlZTNmODgyQHBybzAxLm15MTE4OC5vcmc6MzAyMw


[2023-04-16 00:51:32] SubConvert-Line-116-Exception: Expecting value: line 1 column 1 (char 0)
onenode:vmess://Y2hhY2hhMjAtcG9seTEzMDU6MGE3Yjc5NzQtNzk5OC0zNjM3LWFjMWYtMzE3NGNlZTNmODgyQGpwLWRpcmVjdC5ub2RlMDAyLnh5ejo0NDU


[2023-04-16 00:54:50] SubConvert-Line-116-Exception: Expecting value: line 1 column 1 (char 0)
onenode:vmess://YXV0bzpiNTE4MWRlOC02NmQ0LTRmOGYtOTA0Yy0yM2U2MDYzMDNhMTNAbWVkaWEuZmxhcmVhaS5zdG9yZToxMjE0Mw


[2023-04-16 01:10:32] SubConvert-Line-116-Exception: Expecting value: line 1 column 1 (char 0)
onenode:vmess://Y2hhY2hhMjAtcG9seTEzMDU6MGE3Yjc5NzQtNzk5OC0zNjM3LWFjMWYtMzE3NGNlZTNmODgyQHBybzAxLm15MTE4OC5vcmc6MzIxMw


[2023-04-16 01:10:32] SubConvert-Line-116-Exception: Expecting value: line 1 column 1 (char 0)
onenode:vmess://Y2hhY2hhMjAtcG9seTEzMDU6MGE3Yjc5NzQtNzk5OC0zNjM3LWFjMWYtMzE3NGNlZTNmODgyQHBybzAxLm15MTE4OC5vcmc6MzIxMw


[2023-04-16 01:10:32] SubConvert-Line-116-Exception: Expecting value: line 1 column 1 (char 0)
onenode:vmess://Y2hhY2hhMjAtcG9seTEzMDU6MGE3Yjc5NzQtNzk5OC0zNjM3LWFjMWYtMzE3NGNlZTNmODgyQGluMDMubXkxMTg4Lm9yZzo2MzA1MQ


[2023-04-16 01:10:32] SubConvert-Line-116-Exception: Expecting value: line 1 column 1 (char 0)
onenode:vmess://Y2hhY2hhMjAtcG9seTEzMDU6MGE3Yjc5NzQtNzk5OC0zNjM3LWFjMWYtMzE3NGNlZTNmODgyQGluMDMubXkxMTg4Lm9yZzo2MzA1MQ


[2023-04-16 01:10:32] SubConvert-Line-116-Exception: Expecting value: line 1 column 1 (char 0)
onenode:vmess://Y2hhY2hhMjAtcG9seTEzMDU6MGE3Yjc5NzQtNzk5OC0zNjM3LWFjMWYtMzE3NGNlZTNmODgyQGluMDUubXkxMTg4Lm9yZzo2MzAxNA


[2023-04-16 01:10:32] SubConvert-Line-116-Exception: Expecting value: line 1 column 1 (char 0)
onenode:vmess://Y2hhY2hhMjAtcG9seTEzMDU6MGE3Yjc5NzQtNzk5OC0zNjM3LWFjMWYtMzE3NGNlZTNmODgyQGluMDUubXkxMTg4Lm9yZzo2MzAxNA


[2023-04-16 01:10:32] SubConvert-Line-116-Exception: Expecting value: line 1 column 1 (char 0)
onenode:vmess://Y2hhY2hhMjAtcG9seTEzMDU6MGE3Yjc5NzQtNzk5OC0zNjM3LWFjMWYtMzE3NGNlZTNmODgyQGluMDMubXkxMTg4Lm9yZzo2MzAyOA


[2023-04-16 01:10:32] SubConvert-Line-116-Exception: Expecting value: line 1 column 1 (char 0)
onenode:vmess://Y2hhY2hhMjAtcG9seTEzMDU6MGE3Yjc5NzQtNzk5OC0zNjM3LWFjMWYtMzE3NGNlZTNmODgyQGluMDMubXkxMTg4Lm9yZzo2MzAyOA


[2023-04-16 01:10:32] SubConvert-Line-116-Exception: Expecting value: line 1 column 1 (char 0)
onenode:vmess://Y2hhY2hhMjAtcG9seTEzMDU6MGE3Yjc5NzQtNzk5OC0zNjM3LWFjMWYtMzE3NGNlZTNmODgyQGluMDMubXkxMTg4Lm9yZzo2MzA4Ng


[2023-04-16 01:10:32] SubConvert-Line-116-Exception: Expecting value: line 1 column 1 (char 0)
onenode:vmess://Y2hhY2hhMjAtcG9seTEzMDU6MGE3Yjc5NzQtNzk5OC0zNjM3LWFjMWYtMzE3NGNlZTNmODgyQGluMDMubXkxMTg4Lm9yZzo2MzA4Ng


[2023-04-16 01:10:32] SubConvert-Line-116-Exception: Expecting value: line 1 column 1 (char 0)
onenode:vmess://Y2hhY2hhMjAtcG9seTEzMDU6MGE3Yjc5NzQtNzk5OC0zNjM3LWFjMWYtMzE3NGNlZTNmODgyQHBybzAxLm15MTE4OC5vcmc6MzAyMw


[2023-04-16 01:10:32] SubConvert-Line-116-Exception: Expecting value: line 1 column 1 (char 0)
onenode:vmess://Y2hhY2hhMjAtcG9seTEzMDU6MGE3Yjc5NzQtNzk5OC0zNjM3LWFjMWYtMzE3NGNlZTNmODgyQHBybzAxLm15MTE4OC5vcmc6MzAyMw


[2023-04-16 01:10:32] SubConvert-Line-116-Exception: Expecting value: line 1 column 1 (char 0)
onenode:vmess://Y2hhY2hhMjAtcG9seTEzMDU6MGE3Yjc5NzQtNzk5OC0zNjM3LWFjMWYtMzE3NGNlZTNmODgyQGpwLWRpcmVjdC5ub2RlMDAyLnh5ejo0NDU


[2023-04-16 01:10:32] SubConvert-Line-116-Exception: Expecting value: line 1 column 1 (char 0)
onenode:vmess://Y2hhY2hhMjAtcG9seTEzMDU6MGE3Yjc5NzQtNzk5OC0zNjM3LWFjMWYtMzE3NGNlZTNmODgyQGpwLWRpcmVjdC5ub2RlMDAyLnh5ejo0NDU


[2023-04-16 01:13:53] SubConvert-Line-116-Exception: Expecting value: line 1 column 1 (char 0)
onenode:vmess://YXV0bzpiNTE4MWRlOC02NmQ0LTRmOGYtOTA0Yy0yM2U2MDYzMDNhMTNAbWVkaWEuZmxhcmVhaS5zdG9yZToxMjE0Mw


[2023-04-16 01:13:53] SubConvert-Line-116-Exception: Expecting value: line 1 column 1 (char 0)
onenode:vmess://YXV0bzpiNTE4MWRlOC02NmQ0LTRmOGYtOTA0Yy0yM2U2MDYzMDNhMTNAbWVkaWEuZmxhcmVhaS5zdG9yZToxMjE0Mw


[2023-04-16 01:55:38] SubConvert-Line-116-Exception: Expecting value: line 1 column 1 (char 0)
onenode:vmess://Y2hhY2hhMjAtcG9seTEzMDU6MGE3Yjc5NzQtNzk5OC0zNjM3LWFjMWYtMzE3NGNlZTNmODgyQGluMDEubXkxMTg4Lm9yZzo2MzAxNA


[2023-04-16 01:55:38] SubConvert-Line-116-Exception: Expecting value: line 1 column 1 (char 0)
onenode:vmess://Y2hhY2hhMjAtcG9seTEzMDU6MGE3Yjc5NzQtNzk5OC0zNjM3LWFjMWYtMzE3NGNlZTNmODgyQGluMDEubXkxMTg4Lm9yZzo2MzA3MQ


[2023-04-16 01:57:06] SubConvert-Line-116-Exception: Expecting value: line 1 column 1 (char 0)
onenode:vmess://YXV0bzo0ZjdkNWQ0My0yMjZlLTQ4ZDgtOWRmMC01ZThiZjlmNzcyODhAY2Yubm9hcmllcy5kZTo4MDgw


[2023-04-16 01:58:27] SubConvert-Line-116-Exception: Expecting value: line 1 column 1 (char 0)
onenode:vmess://YXV0bzo0ZjdkNWQ0My0yMjZlLTQ4ZDgtOWRmMC01ZThiZjlmNzcyODhAY2Yubm9hcmllcy5kZTo4MDgw


[2023-04-16 03:08:09] SubConvert-Line-116-Exception: Expecting value: line 1 column 1 (char 0)
onenode:vmess://Y2hhY2hhMjAtcG9seTEzMDU6MGE3Yjc5NzQtNzk5OC0zNjM3LWFjMWYtMzE3NGNlZTNmODgyQGluMDEubXkxMTg4Lm9yZzo2MzAxNA


[2023-04-16 03:08:09] SubConvert-Line-116-Exception: Expecting value: line 1 column 1 (char 0)
onenode:vmess://Y2hhY2hhMjAtcG9seTEzMDU6MGE3Yjc5NzQtNzk5OC0zNjM3LWFjMWYtMzE3NGNlZTNmODgyQGluMDEubXkxMTg4Lm9yZzo2MzAxNA


[2023-04-16 03:08:09] SubConvert-Line-116-Exception: Expecting value: line 1 column 1 (char 0)
onenode:vmess://Y2hhY2hhMjAtcG9seTEzMDU6MGE3Yjc5NzQtNzk5OC0zNjM3LWFjMWYtMzE3NGNlZTNmODgyQGluMDEubXkxMTg4Lm9yZzo2MzA3MQ


[2023-04-16 03:08:09] SubConvert-Line-116-Exception: Expecting value: line 1 column 1 (char 0)
onenode:vmess://Y2hhY2hhMjAtcG9seTEzMDU6MGE3Yjc5NzQtNzk5OC0zNjM3LWFjMWYtMzE3NGNlZTNmODgyQGluMDEubXkxMTg4Lm9yZzo2MzA3MQ


[2023-04-16 03:09:12] SubConvert-Line-116-Exception: Expecting value: line 1 column 1 (char 0)
onenode:vmess://YXV0bzo0ZjdkNWQ0My0yMjZlLTQ4ZDgtOWRmMC01ZThiZjlmNzcyODhAY2Yubm9hcmllcy5kZTo4MDgw


[2023-04-16 03:09:12] SubConvert-Line-116-Exception: Expecting value: line 1 column 1 (char 0)
onenode:vmess://YXV0bzo0ZjdkNWQ0My0yMjZlLTQ4ZDgtOWRmMC01ZThiZjlmNzcyODhAY2Yubm9hcmllcy5kZTo4MDgw


[2023-04-16 03:10:08] SubConvert-Line-116-Exception: Expecting value: line 1 column 1 (char 0)
onenode:vmess://YXV0bzo0ZjdkNWQ0My0yMjZlLTQ4ZDgtOWRmMC01ZThiZjlmNzcyODhAY2Yubm9hcmllcy5kZTo4MDgw


[2023-04-16 03:10:08] SubConvert-Line-116-Exception: Expecting value: line 1 column 1 (char 0)
onenode:vmess://YXV0bzo0ZjdkNWQ0My0yMjZlLTQ4ZDgtOWRmMC01ZThiZjlmNzcyODhAY2Yubm9hcmllcy5kZTo4MDgw


[2023-04-16 04:32:04] SubConvert-Line-116-Exception: Expecting value: line 1 column 1 (char 0)
onenode:vmess://Y2hhY2hhMjAtcG9seTEzMDU6MGE3Yjc5NzQtNzk5OC0zNjM3LWFjMWYtMzE3NGNlZTNmODgyQGluMDMubXkxMTg4Lm9yZzo2MzAxNA


[2023-04-16 05:09:59] SubConvert-Line-116-Exception: Expecting value: line 1 column 1 (char 0)
onenode:vmess://Y2hhY2hhMjAtcG9seTEzMDU6MGE3Yjc5NzQtNzk5OC0zNjM3LWFjMWYtMzE3NGNlZTNmODgyQGluMDMubXkxMTg4Lm9yZzo2MzAxNA


[2023-04-16 05:09:59] SubConvert-Line-116-Exception: Expecting value: line 1 column 1 (char 0)
onenode:vmess://Y2hhY2hhMjAtcG9seTEzMDU6MGE3Yjc5NzQtNzk5OC0zNjM3LWFjMWYtMzE3NGNlZTNmODgyQGluMDMubXkxMTg4Lm9yZzo2MzAxNA


[2023-04-16 05:10:37] Main-Line-149-Exception:'list' object has no attribute 'split'
ondenode:ssr://MTQuMjkuMTI0LjE2ODoyNDAwNTpvcmlnaW46YWVzLTEyOC1jZmI6cGxhaW46VVdGNlJXUmpWR2RpTVRVNVFDUXEvP29iZnNwYXJhbT0mcHJvdG9wYXJhbT0mcmVtYXJrcz1NVFF1TWprdU1USTBMakUyT0E9PQ==

[2023-04-16 05:10:37] Main-Line-149-Exception:'list' object has no attribute 'split'
ondenode:ssr://MTQuMjkuMTI0LjE2ODoyNDAwNTpvcmlnaW46YWVzLTEyOC1jZmI6cGxhaW46VVdGNlJXUmpWR2RpTVRVNVFDUXEvP29iZnNwYXJhbT0mcHJvdG9wYXJhbT0mcmVtYXJrcz01Ym0vNUxpYzU1eUI1Ym0vNWJlZTViaUNMVEUwTGpJNUxqRXlOQzR4TmpnPQ==

[2023-04-16 12:33:38] SubConvert-Line-116-Exception: Expecting value: line 1 column 1 (char 0)
onenode:vmess://YXV0bzowZGExZDM3Mi1lYzYwLTRiODktOGEzZi03OTE1OTQzOGM2ZjBAZi1hczIud3Z2dnYuZXUub3JnOjE


[2023-04-16 12:33:38] SubConvert-Line-116-Exception: Expecting value: line 1 column 1 (char 0)
onenode:vmess://YXV0bzozMjg0MzdjYi02NTVhLTRmOGQtOGJlMC0yYmY4OWE0NDdhMDNAdjAxLmd1dGluZ3RpbmcuY29tOjMwMDM1


[2023-04-16 12:33:38] SubConvert-Line-116-Exception: Expecting value: line 1 column 1 (char 0)
onenode:vmess://YXV0bzozMjg0MzdjYi02NTVhLTRmOGQtOGJlMC0yYmY4OWE0NDdhMDNAdjAyLmd1dGluZ3RpbmcuY29tOjMwMDA3


[2023-04-16 12:33:38] SubConvert-Line-116-Exception: Expecting value: line 1 column 1 (char 0)
onenode:vmess://YXV0bzo0MTgwNDhhZi1hMjkzLTRiOTktOWIwYy05OGNhMzU4MGRkMjRAMTA3LjE0OC4xOTUuMjA6NTAwMTQ


[2023-04-16 12:33:38] SubConvert-Line-116-Exception: Expecting value: line 1 column 1 (char 0)
onenode:vmess://YXV0bzoyNjQzZGMwZC1hMDY5LTM0M2UtYTAxMC1kNjdlYzYzNTg1NDRAaGswNi5zZXhhdnYuY29tOjgw


[2023-04-16 12:33:38] SubConvert-Line-116-Exception: Expecting value: line 1 column 1 (char 0)
onenode:vmess://YXV0bzphMmE0NDNjNS00MmEwLTQ4ZWYtYjA5OS1lYzA1Mzk4NzQ3Y2JAdjAyLmd1dGluZ3RpbmcuY29tOjMwMDA4


[2023-04-16 12:33:38] SubConvert-Line-116-Exception: Expecting value: line 1 column 1 (char 0)
onenode:vmess://YXV0bzo0MTgwNDhhZi1hMjkzLTRiOTktOWIwYy05OGNhMzU4MGRkMjRAMTQwLjk5LjQ2LjM3OjQxMTky


[2023-04-16 12:33:38] SubConvert-Line-116-Exception: Expecting value: line 1 column 1 (char 0)
onenode:vmess://YXV0bzphN2ZhOGYxNC00ZmI2LTQyODAtOTAwNS1kNmJiZTk5YzVkYTlAMTU2LjIyNS42Ny4xNTI6MzczMzE


[2023-04-16 12:33:38] SubConvert-Line-116-Exception: Expecting value: line 1 column 1 (char 0)
onenode:vmess://YXV0bzozMjg0MzdjYi02NTVhLTRmOGQtOGJlMC0yYmY4OWE0NDdhMDNAdjAyLmd1dGluZ3RpbmcuY29tOjMwMDE1


[2023-04-16 12:33:38] SubConvert-Line-116-Exception: Expecting value: line 1 column 1 (char 0)
onenode:vmess://YXV0bzphMmE0NDNjNS00MmEwLTQ4ZWYtYjA5OS1lYzA1Mzk4NzQ3Y2JAdjAyLmd1dGluZ3RpbmcuY29tOjMwMDI4


[2023-04-16 12:33:56] SubConvert-Line-193-Exception:'utf-8' codec can't decode byte 0xb2 in position 0: invalid start byte
onenode:ss://YWVzLTI1Ni1jZmI6YW1hem9uc2tyMDU=@43.201.86.41:443
oldonenode:ss://c3M6Ly9ZV1Z6TFRJMU5pMWpabUk2WVcxaGVtOXVjMnR5TURVPUA0My4yMDEuODYuNDE6NDQz

[2023-04-16 12:33:56] SubConvert-Line-193-Exception:'utf-8' codec can't decode byte 0xb2 in position 0: invalid start byte
onenode:ss://YWVzLTI1Ni1nY206VEV6amZBWXEySWp0dW9T@167.88.63.5:6697
oldonenode:ss://c3M6Ly9ZV1Z6TFRJMU5pMW5ZMjA2VkVWNmFtWkJXWEV5U1dwMGRXOVRAMTY3Ljg4LjYzLjU6NjY5Nw==

[2023-04-16 12:34:02] SubConvert-Line-193-Exception:'utf-8' codec can't decode byte 0xb2 in position 0: invalid start byte
onenode:ss://YWVzLTI1Ni1nY206VEV6amZBWXEySWp0dW9T@134.195.196.200:6679
oldonenode:ss://c3M6Ly9ZV1Z6TFRJMU5pMW5ZMjA2VkVWNmFtWkJXWEV5U1dwMGRXOVRAMTM0LjE5NS4xOTYuMjAwOjY2Nzk=

[2023-04-16 12:34:08] SubConvert-Line-116-Exception: Expecting value: line 1 column 1 (char 0)
onenode:vmess://Y2hhY2hhMjAtcG9seTEzMDU6MGE3Yjc5NzQtNzk5OC0zNjM3LWFjMWYtMzE3NGNlZTNmODgyQGluMDQubXkxMTg4Lm9yZzo2MzA3MQ


[2023-04-16 12:34:14] SubConvert-Line-193-Exception:'utf-8' codec can't decode byte 0xb2 in position 0: invalid start byte
onenode:ss://YWVzLTI1Ni1nY206UmV4bkJnVTdFVjVBRHhH@169.197.141.33:7002
oldonenode:ss://c3M6Ly9ZV1Z6TFRJMU5pMW5ZMjA2VW1WNGJrSm5WVGRGVmpWQlJIaEhAMTY5LjE5Ny4xNDEuMzM6NzAwMg==

[2023-04-16 12:34:17] SubConvert-Line-193-Exception:'utf-8' codec can't decode byte 0xb2 in position 0: invalid start byte
onenode:ss://YWVzLTI1Ni1jZmI6YW1hem9uc2tyMDU@52.10.46.188:443
oldonenode:ss://c3M6Ly9ZV1Z6TFRJMU5pMWpabUk2WVcxaGVtOXVjMnR5TURVQDUyLjEwLjQ2LjE4ODo0NDM=

[2023-04-16 12:34:19] SubConvert-Line-193-Exception:'utf-8' codec can't decode byte 0xb2 in position 0: invalid start byte
onenode:ss://YWVzLTI1Ni1nY206a0RXdlhZWm9UQmNHa0M0@38.86.135.36:8881
oldonenode:ss://c3M6Ly9ZV1Z6TFRJMU5pMW5ZMjA2YTBSWGRsaFpXbTlVUW1OSGEwTTBAMzguODYuMTM1LjM2Ojg4ODE=